#0 building with "default" instance using docker driver

#1 [internal] load build definition from Dockerfile
#1 transferring dockerfile: 2.39kB done
#1 DONE 0.0s

#2 [internal] load metadata for docker.io/library/ubuntu:20.04
#2 DONE 0.0s

#3 [internal] load .dockerignore
#3 transferring context: 2B done
#3 DONE 0.0s

#4 [stage-0  1/16] FROM docker.io/library/ubuntu:20.04
#4 CACHED

#5 [internal] load build context
#5 transferring context: 2B done
#5 DONE 0.0s

#6 [stage-0  7/16] RUN curl -LO https://dl.k8s.io/release/`curl -LS https://dl.k8s.io/release/stable.txt`/bin/linux/amd64/kubectl
#6 CACHED

#7 [stage-0  8/16] RUN chmod +x ./kubectl
#7 CACHED

#8 [stage-0  9/16] RUN sudo mv ./kubectl /usr/local/bin/kubectl
#8 CACHED

#9 [stage-0  6/16] RUN if [ -f /usr/local/bin/helm ]; then         echo "Helm установлен";     else         echo "Helm не найден"; exit 1;     fi
#9 CACHED

#10 [stage-0  3/16] RUN groupadd senior && groupadd middle && groupadd junior
#10 CACHED

#11 [stage-0 10/16] RUN usermod -aG senior john     && usermod -aG middle alan     && usermod -aG middle steve     && usermod -aG junior mia
#11 CACHED

#12 [stage-0  5/16] RUN curl -fsSL -o get_helm.sh https://raw.githubusercontent.com/helm/helm/main/scripts/get-helm-3 && chmod 700 get_helm.sh && ./get_helm.sh
#12 CACHED

#13 [stage-0 11/16] RUN chmod +x /usr/local/bin/helm /usr/local/bin/kubectl     && setfacl -m g:senior:rx /usr/local/bin/helm /usr/local/bin/kubectl     && setfacl -m g:middle:rx /usr/local/bin/helm /usr/local/bin/kubectl
#13 CACHED

#14 [stage-0  4/16] RUN useradd -m -s /bin/bash john && echo "john:password" | chpasswd     && useradd -m -s /bin/bash steve && echo "steve:password" | chpasswd     && useradd -m -s /bin/zsh alan     && useradd -m -s /usr/bin/fish mia
#14 CACHED

#15 [stage-0 12/16] COPY ~/.ssh/ .ssh/
#15 ERROR: failed to calculate checksum of ref 4ae4cb11-536f-4c03-83d3-fa722088d8ac::pbo32syljjpdfdu2gx0gbzglt: "/~/.ssh": not found

#16 [stage-0  2/16] RUN apt-get update && apt-get install -y     nano     sudo     curl     lsb-release     gnupg2     wget     apt-transport-https     zsh     fish     bash     acl     git     gcc     openssh-client     && rm -rf /var/lib/apt/lists/*
#16 CANCELED
------
 > [stage-0 12/16] COPY ~/.ssh/ .ssh/:
------
Dockerfile:59
--------------------
  57 |     
  58 |     # Копирвоание файла
  59 | >>> COPY ~/.ssh/ .ssh/
  60 |     
  61 |     # Cоздание папки для сокета
--------------------
ERROR: failed to solve: failed to compute cache key: failed to calculate checksum of ref 4ae4cb11-536f-4c03-83d3-fa722088d8ac::pbo32syljjpdfdu2gx0gbzglt: "/~/.ssh": not found
